#
# There is insufficient memory for the Java Runtime Environment to continue.
# Native memory allocation (malloc) failed to allocate 1149776 bytes. Error detail: Chunk::new
# Possible reasons:
#   The system is out of physical RAM or swap space
#   This process is running with CompressedOops enabled, and the Java Heap may be blocking the growth of the native heap
# Possible solutions:
#   Reduce memory load on the system
#   Increase physical memory or swap space
#   Check if swap backing store is full
#   Decrease Java heap size (-Xmx/-Xms)
#   Decrease number of Java threads
#   Decrease Java thread stack sizes (-Xss)
#   Set larger code cache with -XX:ReservedCodeCacheSize=
#   JVM is running with Unscaled Compressed Oops mode in which the Java heap is
#     placed in the first 4GB address space. The Java Heap base address is the
#     maximum limit for the native heap growth. Please use -XX:HeapBaseMinAddress
#     to set the Java Heap base and to place the Java Heap above 4GB virtual address.
# This output file may be truncated or incomplete.
#
#  Out of Memory Error (arena.cpp:168), pid=20948, tid=14996
#
# JRE version: OpenJDK Runtime Environment Temurin-21.0.6+7 (21.0.6+7) (build 21.0.6+7-LTS)
# Java VM: OpenJDK 64-Bit Server VM Temurin-21.0.6+7 (21.0.6+7-LTS, mixed mode, sharing, tiered, compressed oops, compressed class ptrs, parallel gc, windows-amd64)
# No core dump will be written. Minidumps are not enabled by default on client versions of Windows
#

---------------  S U M M A R Y ------------

Command Line: --add-modules=ALL-SYSTEM --add-opens=java.base/java.util=ALL-UNNAMED --add-opens=java.base/java.lang=ALL-UNNAMED --add-opens=java.base/sun.nio.fs=ALL-UNNAMED -Declipse.application=org.eclipse.jdt.ls.core.id1 -Dosgi.bundles.defaultStartLevel=4 -Declipse.product=org.eclipse.jdt.ls.core.product -Djava.import.generatesMetadataFilesAtProjectRoot=false -DDetectVMInstallationsJob.disabled=true -Dfile.encoding=utf8 -XX:+UseParallelGC -XX:GCTimeRatio=4 -XX:AdaptiveSizePolicyWeight=90 -Dsun.zip.disableMemoryMapping=true -Xmx1G -Xms100m -Xlog:disable -javaagent:c:\Users\Allu Diwakar\.vscode\extensions\redhat.java-1.41.0-win32-x64\lombok\lombok-1.18.36.jar -XX:+HeapDumpOnOutOfMemoryError -XX:HeapDumpPath=c:\Users\Allu Diwakar\AppData\Roaming\Code\User\workspaceStorage\960f27341281757104803891b51a379b\redhat.java -Daether.dependencyCollector.impl=bf c:\Users\Allu Diwakar\.vscode\extensions\redhat.java-1.41.0-win32-x64\server\plugins\org.eclipse.equinox.launcher_1.6.1100.v20250306-0509.jar -configuration c:\Users\Allu Diwakar\AppData\Roaming\Code\User\globalStorage\redhat.java\1.41.0\config_win -data c:\Users\Allu Diwakar\AppData\Roaming\Code\User\workspaceStorage\960f27341281757104803891b51a379b\redhat.java\jdt_ws --pipe=\\.\pipe\lsp-06934881fd4776ab5aab13f4bc01ee9f-sock

Host: AMD Ryzen 7 5700U with Radeon Graphics         , 16 cores, 7G,  Windows 11 , 64 bit Build 22621 (10.0.22621.5124)
Time: Tue Apr  1 18:16:32 2025 India Standard Time elapsed time: 18.248577 seconds (0d 0h 0m 18s)

---------------  T H R E A D  ---------------

Current thread (0x0000017179872060):  JavaThread "C2 CompilerThread2" daemon [_thread_in_native, id=14996, stack(0x00000069a6c00000,0x00000069a6d00000) (1024K)]


Current CompileTask:
C2:18248 12309       4       org.eclipse.jdt.internal.compiler.lookup.LookupEnvironment::createParameterizedType (44 bytes)

Stack: [0x00000069a6c00000,0x00000069a6d00000]
Native frames: (J=compiled Java code, j=interpreted, Vv=VM code, C=native code)
V  [jvm.dll+0x6cdee9]
V  [jvm.dll+0x8a83d1]
V  [jvm.dll+0x8aa8fe]
V  [jvm.dll+0x8aafe3]
V  [jvm.dll+0x27f706]
V  [jvm.dll+0xc500d]
V  [jvm.dll+0xc5543]
V  [jvm.dll+0x3b6752]
V  [jvm.dll+0x382935]
V  [jvm.dll+0x381d9a]
V  [jvm.dll+0x2479f0]
V  [jvm.dll+0x246fcf]
V  [jvm.dll+0x1c75ee]
V  [jvm.dll+0x25685a]
V  [jvm.dll+0x254dfa]
V  [jvm.dll+0x3f0256]
V  [jvm.dll+0x851f8b]
V  [jvm.dll+0x6cc5ed]
C  [ucrtbase.dll+0x29333]
C  [KERNEL32.DLL+0x1259d]
C  [ntdll.dll+0x5af38]


---------------  P R O C E S S  ---------------

Threads class SMR info:
_java_thread_list=0x0000017179ee9bc0, length=100, elements={
0x00000171192a7890, 0x000001712fa9e560, 0x0000017172175680, 0x000001717217c3d0,
0x000001717217d0e0, 0x000001717217eca0, 0x000001717217fe90, 0x0000017172183b80,
0x000001717219d120, 0x000001717224d310, 0x00000171722db020, 0x0000017172490280,
0x0000017172490920, 0x00000171724f26f0, 0x0000017178317a90, 0x00000171789deb80,
0x0000017178b2f6d0, 0x000001717883a740, 0x0000017178c37d00, 0x0000017178ff4d90,
0x0000017178f95710, 0x0000017178e6b730, 0x0000017178e68940, 0x0000017178e6b0a0,
0x0000017178e6bdc0, 0x0000017179872060, 0x0000017178e68fd0, 0x0000017178e69660,
0x0000017178e6aa10, 0x0000017178e69cf0, 0x000001717a4f35f0, 0x0000017178e6a380,
0x000001717a45de70, 0x000001717bdf9190, 0x000001717bdf5d10, 0x000001717bdf63a0,
0x000001717bdf5680, 0x000001717bdf7750, 0x000001717bdf6a30, 0x000001717bdf70c0,
0x000001717bdf4ff0, 0x000001717bdf8470, 0x000001717bdf8b00, 0x000001717bdf7de0,
0x000001717bdf9820, 0x000001717bdf2890, 0x000001717bdf42d0, 0x000001717bdf9eb0,
0x000001717bdf2f20, 0x000001717bdf35b0, 0x000001717caab2f0, 0x000001717bdf3c40,
0x000001717bdf4960, 0x000001717dabb660, 0x000001717dabd730, 0x000001717dabf170,
0x000001717dabf800, 0x000001717daba940, 0x000001717dac18d0, 0x000001717dabeae0,
0x000001717dac1240, 0x000001717dabfe90, 0x000001717dac0bb0, 0x000001717dabbcf0,
0x000001717dabc380, 0x000001717dabddc0, 0x000001717dabca10, 0x000001717dabd0a0,
0x000001717a70b590, 0x000001717a70af00, 0x000001717a70c2b0, 0x000001717a70bc20,
0x000001717a7094c0, 0x000001717a70c940, 0x000001717a70a870, 0x000001717a709b50,
0x000001717a70a1e0, 0x000001717e3b8830, 0x000001717e3bc9d0, 0x000001717e3bbcb0,
0x000001717e3bb620, 0x000001717e3b9550, 0x000001717e3bc340, 0x000001717e3bd060,
0x000001717e3baf90, 0x000001717e3beaa0, 0x000001717e3be410, 0x000001717e3bf130,
0x000001717e3bf7c0, 0x000001717e3bfe50, 0x000001717e3b8ec0, 0x000001717e3b9be0,
0x000001717e3ba900, 0x000001717cc95290, 0x000001717cc94570, 0x000001717cc96640,
0x000001717cc95920, 0x000001717cc96cd0, 0x000001717cc979f0, 0x000001717cc91e10
}

Java Threads: ( => current thread )
  0x00000171192a7890 JavaThread "main"                              [_thread_blocked, id=22864, stack(0x00000069a4300000,0x00000069a4400000) (1024K)]
  0x000001712fa9e560 JavaThread "Reference Handler"          daemon [_thread_blocked, id=24236, stack(0x00000069a4700000,0x00000069a4800000) (1024K)]
  0x0000017172175680 JavaThread "Finalizer"                  daemon [_thread_blocked, id=21384, stack(0x00000069a4800000,0x00000069a4900000) (1024K)]
  0x000001717217c3d0 JavaThread "Signal Dispatcher"          daemon [_thread_blocked, id=12648, stack(0x00000069a4900000,0x00000069a4a00000) (1024K)]
  0x000001717217d0e0 JavaThread "Attach Listener"            daemon [_thread_blocked, id=28772, stack(0x00000069a4a00000,0x00000069a4b00000) (1024K)]
  0x000001717217eca0 JavaThread "Service Thread"             daemon [_thread_blocked, id=23964, stack(0x00000069a4b00000,0x00000069a4c00000) (1024K)]
  0x000001717217fe90 JavaThread "Monitor Deflation Thread"   daemon [_thread_blocked, id=14592, stack(0x00000069a4c00000,0x00000069a4d00000) (1024K)]
  0x0000017172183b80 JavaThread "C2 CompilerThread0"         daemon [_thread_in_native, id=15452, stack(0x00000069a4d00000,0x00000069a4e00000) (1024K)]
  0x000001717219d120 JavaThread "C1 CompilerThread0"         daemon [_thread_in_native, id=10860, stack(0x00000069a4e00000,0x00000069a4f00000) (1024K)]
  0x000001717224d310 JavaThread "C1 CompilerThread1"         daemon [_thread_blocked, id=27556, stack(0x00000069a4f00000,0x00000069a5000000) (1024K)]
  0x00000171722db020 JavaThread "Common-Cleaner"             daemon [_thread_blocked, id=21916, stack(0x00000069a5000000,0x00000069a5100000) (1024K)]
  0x0000017172490280 JavaThread "C1 CompilerThread2"         daemon [_thread_blocked, id=9788, stack(0x00000069a5200000,0x00000069a5300000) (1024K)]
  0x0000017172490920 JavaThread "C1 CompilerThread3"         daemon [_thread_blocked, id=7020, stack(0x00000069a5300000,0x00000069a5400000) (1024K)]
  0x00000171724f26f0 JavaThread "Notification Thread"        daemon [_thread_blocked, id=25652, stack(0x00000069a5400000,0x00000069a5500000) (1024K)]
  0x0000017178317a90 JavaThread "C2 CompilerThread1"         daemon [_thread_in_native, id=28176, stack(0x00000069a5100000,0x00000069a5200000) (1024K)]
  0x00000171789deb80 JavaThread "Active Thread: Equinox Container: 62837754-548b-45d1-902a-684e5cde1be7"        [_thread_blocked, id=20116, stack(0x00000069a5c00000,0x00000069a5d00000) (1024K)]
  0x0000017178b2f6d0 JavaThread "Refresh Thread: Equinox Container: 62837754-548b-45d1-902a-684e5cde1be7" daemon [_thread_blocked, id=23068, stack(0x00000069a5f00000,0x00000069a6000000) (1024K)]
  0x000001717883a740 JavaThread "Framework Event Dispatcher: Equinox Container: 62837754-548b-45d1-902a-684e5cde1be7" daemon [_thread_blocked, id=11636, stack(0x00000069a6000000,0x00000069a6100000) (1024K)]
  0x0000017178c37d00 JavaThread "Start Level: Equinox Container: 62837754-548b-45d1-902a-684e5cde1be7" daemon [_thread_blocked, id=15456, stack(0x00000069a6100000,0x00000069a6200000) (1024K)]
  0x0000017178ff4d90 JavaThread "Bundle File Closer"         daemon [_thread_blocked, id=2288, stack(0x00000069a6200000,0x00000069a6300000) (1024K)]
  0x0000017178f95710 JavaThread "SCR Component Actor"        daemon [_thread_blocked, id=10532, stack(0x00000069a6600000,0x00000069a6700000) (1024K)]
  0x0000017178e6b730 JavaThread "Worker-JM"                         [_thread_blocked, id=2460, stack(0x00000069a6800000,0x00000069a6900000) (1024K)]
  0x0000017178e68940 JavaThread "JNA Cleaner"                daemon [_thread_blocked, id=20708, stack(0x00000069a6900000,0x00000069a6a00000) (1024K)]
  0x0000017178e6b0a0 JavaThread "Worker-0"                          [_thread_blocked, id=25824, stack(0x00000069a6a00000,0x00000069a6b00000) (1024K)]
  0x0000017178e6bdc0 JavaThread "Worker-1"                          [_thread_blocked, id=27160, stack(0x00000069a6b00000,0x00000069a6c00000) (1024K)]
=>0x0000017179872060 JavaThread "C2 CompilerThread2"         daemon [_thread_in_native, id=14996, stack(0x00000069a6c00000,0x00000069a6d00000) (1024K)]
  0x0000017178e68fd0 JavaThread "Java indexing"              daemon [_thread_in_Java, id=10132, stack(0x00000069a6d00000,0x00000069a6e00000) (1024K)]
  0x0000017178e69660 JavaThread "Worker-2"                          [_thread_blocked, id=2336, stack(0x00000069a6e00000,0x00000069a6f00000) (1024K)]
  0x0000017178e6aa10 JavaThread "Worker-3: Building"                [_thread_blocked, id=1848, stack(0x00000069a6f00000,0x00000069a7000000) (1024K)]
  0x0000017178e69cf0 JavaThread "Worker-4: Java indexing... "        [_thread_blocked, id=9488, stack(0x00000069a7000000,0x00000069a7100000) (1024K)]
  0x000001717a4f35f0 JavaThread "C2 CompilerThread3"         daemon [_thread_in_native, id=10804, stack(0x00000069a7100000,0x00000069a7200000) (1024K)]
  0x0000017178e6a380 JavaThread "Thread-2"                   daemon [_thread_in_native, id=20836, stack(0x00000069a7200000,0x00000069a7300000) (1024K)]
  0x000001717a45de70 JavaThread "C2 CompilerThread4"         daemon [_thread_in_native, id=17068, stack(0x00000069a7300000,0x00000069a7400000) (1024K)]
  0x000001717bdf9190 JavaThread "Thread-3"                   daemon [_thread_in_native, id=2916, stack(0x00000069a7400000,0x00000069a7500000) (1024K)]
  0x000001717bdf5d10 JavaThread "Thread-4"                   daemon [_thread_in_native, id=5504, stack(0x00000069a7500000,0x00000069a7600000) (1024K)]
  0x000001717bdf63a0 JavaThread "Thread-5"                   daemon [_thread_in_native, id=25348, stack(0x00000069a7600000,0x00000069a7700000) (1024K)]
  0x000001717bdf5680 JavaThread "Thread-6"                   daemon [_thread_in_native, id=10480, stack(0x00000069a7700000,0x00000069a7800000) (1024K)]
  0x000001717bdf7750 JavaThread "Thread-7"                   daemon [_thread_in_native, id=8812, stack(0x00000069a7800000,0x00000069a7900000) (1024K)]
  0x000001717bdf6a30 JavaThread "Thread-8"                   daemon [_thread_in_native, id=29316, stack(0x00000069a7900000,0x00000069a7a00000) (1024K)]
  0x000001717bdf70c0 JavaThread "Thread-9"                   daemon [_thread_in_native, id=14400, stack(0x00000069a7a00000,0x00000069a7b00000) (1024K)]
  0x000001717bdf4ff0 JavaThread "Thread-10"                  daemon [_thread_in_native, id=28808, stack(0x00000069a7b00000,0x00000069a7c00000) (1024K)]
  0x000001717bdf8470 JavaThread "Thread-11"                  daemon [_thread_in_native, id=20336, stack(0x00000069a7c00000,0x00000069a7d00000) (1024K)]
  0x000001717bdf8b00 JavaThread "Thread-12"                  daemon [_thread_in_native, id=10188, stack(0x00000069a7d00000,0x00000069a7e00000) (1024K)]
  0x000001717bdf7de0 JavaThread "Thread-13"                  daemon [_thread_in_native, id=4144, stack(0x00000069a7e00000,0x00000069a7f00000) (1024K)]
  0x000001717bdf9820 JavaThread "Thread-14"                  daemon [_thread_in_native, id=29172, stack(0x00000069a7f00000,0x00000069a8000000) (1024K)]
  0x000001717bdf2890 JavaThread "Thread-15"                  daemon [_thread_in_native, id=27740, stack(0x00000069a8000000,0x00000069a8100000) (1024K)]
  0x000001717bdf42d0 JavaThread "Thread-16"                  daemon [_thread_in_native, id=1460, stack(0x00000069a8100000,0x00000069a8200000) (1024K)]
  0x000001717bdf9eb0 JavaThread "Thread-17"                  daemon [_thread_in_native, id=4520, stack(0x00000069a8200000,0x00000069a8300000) (1024K)]
  0x000001717bdf2f20 JavaThread "Thread-18"                  daemon [_thread_in_native, id=18740, stack(0x00000069a8300000,0x00000069a8400000) (1024K)]
  0x000001717bdf35b0 JavaThread "pool-2-thread-1"                   [_thread_blocked, id=15884, stack(0x00000069a8400000,0x00000069a8500000) (1024K)]
  0x000001717caab2f0 JavaThread "C2 CompilerThread5"         daemon [_thread_in_native, id=19108, stack(0x00000069a8500000,0x00000069a8600000) (1024K)]
  0x000001717bdf3c40 JavaThread "WorkspaceEventsHandler"            [_thread_blocked, id=24052, stack(0x00000069a8600000,0x00000069a8700000) (1024K)]
  0x000001717bdf4960 JavaThread "pool-1-thread-1"                   [_thread_blocked, id=2724, stack(0x00000069a8700000,0x00000069a8800000) (1024K)]
  0x000001717dabb660 JavaThread "Worker-5"                          [_thread_blocked, id=12724, stack(0x00000069a8800000,0x00000069a8900000) (1024K)]
  0x000001717dabd730 JavaThread "Worker-6"                          [_thread_blocked, id=29016, stack(0x00000069a8900000,0x00000069a8a00000) (1024K)]
  0x000001717dabf170 JavaThread "LocalFile Deleter"          daemon [_thread_blocked, id=16324, stack(0x00000069a5500000,0x00000069a5600000) (1024K)]
  0x000001717dabf800 JavaThread "LocalFile Deleter"          daemon [_thread_blocked, id=10940, stack(0x00000069a8a00000,0x00000069a8b00000) (1024K)]
  0x000001717daba940 JavaThread "LocalFile Deleter"          daemon [_thread_blocked, id=6560, stack(0x00000069a8b00000,0x00000069a8c00000) (1024K)]
  0x000001717dac18d0 JavaThread "LocalFile Deleter"          daemon [_thread_blocked, id=13644, stack(0x00000069a8c00000,0x00000069a8d00000) (1024K)]
  0x000001717dabeae0 JavaThread "LocalFile Deleter"          daemon [_thread_blocked, id=5812, stack(0x00000069a8d00000,0x00000069a8e00000) (1024K)]
  0x000001717dac1240 JavaThread "LocalFile Deleter"          daemon [_thread_blocked, id=404, stack(0x00000069a8e00000,0x00000069a8f00000) (1024K)]
  0x000001717dabfe90 JavaThread "LocalFile Deleter"          daemon [_thread_blocked, id=9052, stack(0x00000069a8f00000,0x00000069a9000000) (1024K)]
  0x000001717dac0bb0 JavaThread "LocalFile Deleter"          daemon [_thread_blocked, id=20448, stack(0x00000069a9000000,0x00000069a9100000) (1024K)]
  0x000001717dabbcf0 JavaThread "LocalFile Deleter"          daemon [_thread_blocked, id=3240, stack(0x00000069a9100000,0x00000069a9200000) (1024K)]
  0x000001717dabc380 JavaThread "LocalFile Deleter"          daemon [_thread_blocked, id=3796, stack(0x00000069a9200000,0x00000069a9300000) (1024K)]
  0x000001717dabddc0 JavaThread "LocalFile Deleter"          daemon [_thread_blocked, id=13116, stack(0x00000069a9300000,0x00000069a9400000) (1024K)]
  0x000001717dabca10 JavaThread "LocalFile Deleter"          daemon [_thread_blocked, id=11196, stack(0x00000069a9400000,0x00000069a9500000) (1024K)]
  0x000001717dabd0a0 JavaThread "LocalFile Deleter"          daemon [_thread_blocked, id=15756, stack(0x00000069a9500000,0x00000069a9600000) (1024K)]
  0x000001717a70b590 JavaThread "LocalFile Deleter"          daemon [_thread_blocked, id=20064, stack(0x00000069a9600000,0x00000069a9700000) (1024K)]
  0x000001717a70af00 JavaThread "LocalFile Deleter"          daemon [_thread_blocked, id=22564, stack(0x00000069a9700000,0x00000069a9800000) (1024K)]
  0x000001717a70c2b0 JavaThread "LocalFile Deleter"          daemon [_thread_blocked, id=14812, stack(0x00000069a9800000,0x00000069a9900000) (1024K)]
  0x000001717a70bc20 JavaThread "Compiler Source File Reader" daemon [_thread_blocked, id=10060, stack(0x00000069a9900000,0x00000069a9a00000) (1024K)]
  0x000001717a7094c0 JavaThread "Compiler Source File Reader" daemon [_thread_blocked, id=17024, stack(0x00000069a9a00000,0x00000069a9b00000) (1024K)]
  0x000001717a70c940 JavaThread "Compiler Source File Reader" daemon [_thread_blocked, id=26508, stack(0x00000069a9b00000,0x00000069a9c00000) (1024K)]
  0x000001717a70a870 JavaThread "Compiler Source File Reader" daemon [_thread_blocked, id=27724, stack(0x00000069a9c00000,0x00000069a9d00000) (1024K)]
  0x000001717a709b50 JavaThread "Compiler Source File Reader" daemon [_thread_blocked, id=6040, stack(0x00000069a9d00000,0x00000069a9e00000) (1024K)]
  0x000001717a70a1e0 JavaThread "Compiler Source File Reader" daemon [_thread_blocked, id=16320, stack(0x00000069a9e00000,0x00000069a9f00000) (1024K)]
  0x000001717e3b8830 JavaThread "Compiler Source File Reader" daemon [_thread_blocked, id=19220, stack(0x00000069a9f00000,0x00000069aa000000) (1024K)]
  0x000001717e3bc9d0 JavaThread "Compiler Source File Reader" daemon [_thread_blocked, id=24396, stack(0x00000069aa000000,0x00000069aa100000) (1024K)]
  0x000001717e3bbcb0 JavaThread "Compiler Source File Reader" daemon [_thread_blocked, id=22812, stack(0x00000069aa100000,0x00000069aa200000) (1024K)]
  0x000001717e3bb620 JavaThread "Compiler Source File Reader" daemon [_thread_blocked, id=19384, stack(0x00000069aa200000,0x00000069aa300000) (1024K)]
  0x000001717e3b9550 JavaThread "Compiler Source File Reader" daemon [_thread_blocked, id=2932, stack(0x00000069aa300000,0x00000069aa400000) (1024K)]
  0x000001717e3bc340 JavaThread "Compiler Source File Reader" daemon [_thread_blocked, id=3940, stack(0x00000069aa400000,0x00000069aa500000) (1024K)]
  0x000001717e3bd060 JavaThread "Compiler Source File Reader" daemon [_thread_blocked, id=23188, stack(0x00000069aa500000,0x00000069aa600000) (1024K)]
  0x000001717e3baf90 JavaThread "Compiler Source File Reader" daemon [_thread_blocked, id=22868, stack(0x00000069aa600000,0x00000069aa700000) (1024K)]
  0x000001717e3beaa0 JavaThread "Compiler Processing Task"   daemon [_thread_in_Java, id=19056, stack(0x00000069aa700000,0x00000069aa800000) (1024K)]
  0x000001717e3be410 JavaThread "Compiler Class File Writer" daemon [_thread_blocked, id=15724, stack(0x00000069aa800000,0x00000069aa900000) (1024K)]
  0x000001717e3bf130 JavaThread "Compiler Class File Writer" daemon [_thread_blocked, id=4892, stack(0x00000069aa900000,0x00000069aaa00000) (1024K)]
  0x000001717e3bf7c0 JavaThread "Compiler Class File Writer" daemon [_thread_blocked, id=21004, stack(0x00000069aaa00000,0x00000069aab00000) (1024K)]
  0x000001717e3bfe50 JavaThread "Compiler Class File Writer" daemon [_thread_blocked, id=11592, stack(0x00000069aab00000,0x00000069aac00000) (1024K)]
  0x000001717e3b8ec0 JavaThread "Compiler Class File Writer" daemon [_thread_blocked, id=9396, stack(0x00000069aac00000,0x00000069aad00000) (1024K)]
  0x000001717e3b9be0 JavaThread "Compiler Class File Writer" daemon [_thread_blocked, id=8676, stack(0x00000069aad00000,0x00000069aae00000) (1024K)]
  0x000001717e3ba900 JavaThread "Compiler Class File Writer" daemon [_thread_blocked, id=20828, stack(0x00000069aae00000,0x00000069aaf00000) (1024K)]
  0x000001717cc95290 JavaThread "Compiler Class File Writer" daemon [_thread_blocked, id=9568, stack(0x00000069aaf00000,0x00000069ab000000) (1024K)]
  0x000001717cc94570 JavaThread "Compiler Class File Writer" daemon [_thread_blocked, id=23348, stack(0x00000069ab000000,0x00000069ab100000) (1024K)]
  0x000001717cc96640 JavaThread "Compiler Class File Writer" daemon [_thread_blocked, id=17488, stack(0x00000069ab100000,0x00000069ab200000) (1024K)]
  0x000001717cc95920 JavaThread "Compiler Class File Writer" daemon [_thread_blocked, id=28128, stack(0x00000069ab200000,0x00000069ab300000) (1024K)]
  0x000001717cc96cd0 JavaThread "Compiler Class File Writer" daemon [_thread_blocked, id=20552, stack(0x00000069ab300000,0x00000069ab400000) (1024K)]
  0x000001717cc979f0 JavaThread "Compiler Class File Writer" daemon [_thread_blocked, id=16124, stack(0x00000069ab400000,0x00000069ab500000) (1024K)]
  0x000001717cc91e10 JavaThread "Compiler Class File Writer" daemon [_thread_blocked, id=28976, stack(0x00000069ab500000,0x00000069ab600000) (1024K)]
Total: 100

Other Threads:
  0x00000171721736d0 VMThread "VM Thread"                           [id=27136, stack(0x00000069a4600000,0x00000069a4700000) (1024K)]
  0x000001712f97ca00 WatcherThread "VM Periodic Task Thread"        [id=15840, stack(0x00000069a4500000,0x00000069a4600000) (1024K)]
  0x000001711b6cd8b0 WorkerThread "GC Thread#0"                     [id=21648, stack(0x00000069a4400000,0x00000069a4500000) (1024K)]
  0x00000171785bca00 WorkerThread "GC Thread#1"                     [id=22944, stack(0x00000069a5600000,0x00000069a5700000) (1024K)]
  0x0000017178a6a1e0 WorkerThread "GC Thread#2"                     [id=10044, stack(0x00000069a5700000,0x00000069a5800000) (1024K)]
  0x000001717802f170 WorkerThread "GC Thread#3"                     [id=20968, stack(0x00000069a5800000,0x00000069a5900000) (1024K)]
  0x000001717802f510 WorkerThread "GC Thread#4"                     [id=13796, stack(0x00000069a5900000,0x00000069a5a00000) (1024K)]
  0x000001717802f8b0 WorkerThread "GC Thread#5"                     [id=27448, stack(0x00000069a5a00000,0x00000069a5b00000) (1024K)]
  0x0000017178b22580 WorkerThread "GC Thread#6"                     [id=28936, stack(0x00000069a5d00000,0x00000069a5e00000) (1024K)]
  0x0000017178b2e710 WorkerThread "GC Thread#7"                     [id=27016, stack(0x00000069a5e00000,0x00000069a5f00000) (1024K)]
  0x0000017178e011e0 WorkerThread "GC Thread#8"                     [id=2820, stack(0x00000069a6300000,0x00000069a6400000) (1024K)]
  0x0000017178e94e50 WorkerThread "GC Thread#9"                     [id=24412, stack(0x00000069a6400000,0x00000069a6500000) (1024K)]
  0x0000017178e93c30 WorkerThread "GC Thread#10"                    [id=1652, stack(0x00000069a6500000,0x00000069a6600000) (1024K)]
  0x0000017178e94710 WorkerThread "GC Thread#11"                    [id=8300, stack(0x00000069a5b00000,0x00000069a5c00000) (1024K)]
  0x0000017178e94ab0 WorkerThread "GC Thread#12"                    [id=8452, stack(0x00000069a6700000,0x00000069a6800000) (1024K)]
Total: 15

Threads with active compile tasks:
C2 CompilerThread0  18298 12349 %     4       org.eclipse.jdt.internal.core.index.DiskIndex::writeAllDocumentNames @ 251 (512 bytes)
C2 CompilerThread1  18298 12282       4       org.eclipse.jdt.internal.compiler.lookup.LookupEnvironment::getTypeFromTypeSignature (770 bytes)
C2 CompilerThread2  18298 12309       4       org.eclipse.jdt.internal.compiler.lookup.LookupEnvironment::createParameterizedType (44 bytes)
C2 CompilerThread3  18298 12316       4       org.eclipse.jdt.internal.compiler.lookup.BoundSet::incorporate (1297 bytes)
C2 CompilerThread4  18298 12260   !   4       org.eclipse.jdt.internal.core.search.indexing.BinaryIndexer::indexDocument (1204 bytes)
C2 CompilerThread5  18298 12345       4       org.eclipse.jdt.internal.compiler.lookup.Scope$Substitutor::substitute (850 bytes)
Total: 6

VM state: not at safepoint (normal execution)

VM Mutex/Monitor currently owned by a thread: None

Heap address: 0x00000000c0000000, size: 1024 MB, Compressed Oops mode: 32-bit

CDS archive(s) mapped at: [0x0000017130000000-0x0000017130ba0000-0x0000017130ba0000), size 12189696, SharedBaseAddress: 0x0000017130000000, ArchiveRelocationMode: 1.
Compressed class space mapped at: 0x0000017131000000-0x0000017171000000, reserved size: 1073741824
Narrow klass base: 0x0000017130000000, Narrow klass shift: 0, Narrow klass range: 0x100000000

GC Precious Log:
 CardTable entry size: 512
 CPUs: 16 total, 16 available
 Memory: 7501M
 Large Page Support: Disabled
 NUMA Support: Disabled
 Compressed Oops: Enabled (32-bit)
 Alignments: Space 512K, Generation 512K, Heap 2M
 Heap Min Capacity: 100M
 Heap Initial Capacity: 100M
 Heap Max Capacity: 1G
 Pre-touch: Disabled
 Parallel Workers: 13

Heap:
 PSYoungGen      total 12288K, used 9185K [0x00000000eab00000, 0x00000000eb900000, 0x0000000100000000)
  eden space 9216K, 84% used [0x00000000eab00000,0x00000000eb2907d0,0x00000000eb400000)
  from space 3072K, 46% used [0x00000000eb400000,0x00000000eb568000,0x00000000eb700000)
  to   space 2048K, 0% used [0x00000000eb700000,0x00000000eb700000,0x00000000eb900000)
 ParOldGen       total 338944K, used 304768K [0x00000000c0000000, 0x00000000d4b00000, 0x00000000eab00000)
  object space 338944K, 89% used [0x00000000c0000000,0x00000000d29a03d0,0x00000000d4b00000)
 Metaspace       used 60821K, committed 62272K, reserved 1114112K
  class space    used 6056K, committed 6720K, reserved 1048576K

Card table byte_map: [0x000001711b080000,0x000001711b290000] _byte_map_base: 0x000001711aa80000

Marking Bits: (ParMarkBitMap*) 0x00007ffad25e3260
 Begin Bits: [0x000001712d8a0000, 0x000001712e8a0000)
 End Bits:   [0x000001712e8a0000, 0x000001712f8a0000)

Polling page: 0x000001711ae70000

Metaspace:

Usage:
  Non-class:     53.48 MB used.
      Class:      5.91 MB used.
       Both:     59.40 MB used.

Virtual space:
  Non-class space:       64.00 MB reserved,      54.25 MB ( 85%) committed,  1 nodes.
      Class space:        1.00 GB reserved,       6.56 MB ( <1%) committed,  1 nodes.
             Both:        1.06 GB reserved,      60.81 MB (  6%) committed. 

Chunk freelists:
   Non-Class:  9.22 MB
       Class:  9.38 MB
        Both:  18.60 MB

MaxMetaspaceSize: unlimited
CompressedClassSpaceSize: 1.00 GB
Initial GC threshold: 21.00 MB
Current GC threshold: 101.19 MB
CDS: on
 - commit_granule_bytes: 65536.
 - commit_granule_words: 8192.
 - virtual_space_node_default_size: 8388608.
 - enlarge_chunks_in_place: 1.
 - use_allocation_guard: 0.


Internal statistics:

num_allocs_failed_limit: 13.
num_arena_births: 1160.
num_arena_deaths: 14.
num_vsnodes_births: 2.
num_vsnodes_deaths: 0.
num_space_committed: 973.
num_space_uncommitted: 0.
num_chunks_returned_to_freelist: 27.
num_chunks_taken_from_freelist: 4120.
num_chunk_merges: 11.
num_chunk_splits: 2460.
num_chunks_enlarged: 1287.
num_inconsistent_stats: 0.

CodeHeap 'non-profiled nmethods': size=119168Kb used=7244Kb max_used=8121Kb free=111924Kb
 bounds [0x0000017126440000, 0x0000017126c30000, 0x000001712d8a0000]
CodeHeap 'profiled nmethods': size=119104Kb used=22861Kb max_used=27647Kb free=96242Kb
 bounds [0x000001711e8a0000, 0x00000171203a0000, 0x0000017125cf0000]
CodeHeap 'non-nmethods': size=7488Kb used=3107Kb max_used=3216Kb free=4380Kb
 bounds [0x0000017125cf0000, 0x0000017126020000, 0x0000017126440000]
 total_blobs=10791 nmethods=10060 adapters=632
 compilation: enabled
              stopped_count=0, restarted_count=0
 full_count=0

Compilation events (20 events):
Event: 18.221 Thread 0x0000017172490280 12387       3       org.eclipse.jdt.internal.compiler.lookup.LookupEnvironment$$Lambda/0x0000017131645dd0::apply (16 bytes)
Event: 18.221 Thread 0x0000017172490920 12388       3       org.eclipse.jdt.internal.compiler.lookup.LookupEnvironment::lambda$0 (12 bytes)
Event: 18.221 Thread 0x000001717219d120 nmethod 12386 0x000001711e9cd290 code [0x000001711e9cd440, 0x000001711e9cd5d8]
Event: 18.221 Thread 0x0000017172490920 nmethod 12388 0x000001711eab2410 code [0x000001711eab25e0, 0x000001711eab2830]
Event: 18.222 Thread 0x000001717219d120 12389       3       org.eclipse.jdt.internal.core.builder.NameEnvironment::findType (34 bytes)
Event: 18.222 Thread 0x0000017172490280 nmethod 12387 0x000001711ea3ac90 code [0x000001711ea3ae60, 0x000001711ea3b228]
Event: 18.222 Thread 0x000001717219d120 nmethod 12389 0x000001711e8e5c10 code [0x000001711e8e5e60, 0x000001711e8e6438]
Event: 18.223 Thread 0x000001717224d310 nmethod 12384 0x000001711e956390 code [0x000001711e956660, 0x000001711e957720]
Event: 18.232 Thread 0x0000017172490920 12391   !   3       java.util.concurrent.locks.AbstractQueuedSynchronizer$ConditionObject::newConditionNode (78 bytes)
Event: 18.232 Thread 0x0000017172490280 12394       3       java.util.concurrent.locks.AbstractQueuedSynchronizer$Node::setStatusRelaxed (12 bytes)
Event: 18.232 Thread 0x000001717219d120 12393       3       java.util.concurrent.locks.AbstractQueuedSynchronizer$ConditionObject::enableWait (84 bytes)
Event: 18.232 Thread 0x000001717224d310 12392       3       java.util.concurrent.locks.AbstractQueuedSynchronizer$ConditionNode::<init> (5 bytes)
Event: 18.233 Thread 0x0000017172490280 nmethod 12394 0x000001711ea17e90 code [0x000001711ea18020, 0x000001711ea18138]
Event: 18.233 Thread 0x000001717224d310 nmethod 12392 0x000001711e9c3910 code [0x000001711e9c3ac0, 0x000001711e9c3c88]
Event: 18.234 Thread 0x000001717219d120 nmethod 12393 0x000001711ecebf90 code [0x000001711ecec1a0, 0x000001711ecec7d8]
Event: 18.234 Thread 0x0000017172490920 nmethod 12391 0x000001711e934910 code [0x000001711e934b80, 0x000001711e935360]
Event: 18.235 Thread 0x000001717219d120 12395   !   3       org.eclipse.jdt.internal.compiler.classfmt.ClassFileReader::toUri (51 bytes)
Event: 18.237 Thread 0x0000017172490920 12396       3       org.eclipse.jdt.internal.compiler.lookup.PackageBinding::addWrappingSplitPackageBinding (28 bytes)
Event: 18.237 Thread 0x000001717219d120 nmethod 12395 0x000001711e90b710 code [0x000001711e90ba40, 0x000001711e90ca20]
Event: 18.238 Thread 0x0000017172490920 nmethod 12396 0x000001711eb82210 code [0x000001711eb82420, 0x000001711eb82b28]

GC Heap History (20 events):
Event: 17.343 GC heap before
{Heap before GC invocations=410 (full 3):
 PSYoungGen      total 6144K, used 5837K [0x00000000eab00000, 0x00000000eb300000, 0x0000000100000000)
  eden space 4096K, 98% used [0x00000000eab00000,0x00000000eaef1810,0x00000000eaf00000)
  from space 2048K, 87% used [0x00000000eb100000,0x00000000eb2c1d08,0x00000000eb300000)
  to   space 2048K, 0% used [0x00000000eaf00000,0x00000000eaf00000,0x00000000eb100000)
 ParOldGen       total 314368K, used 313875K [0x00000000c0000000, 0x00000000d3300000, 0x00000000eab00000)
  object space 314368K, 99% used [0x00000000c0000000,0x00000000d3284d38,0x00000000d3300000)
 Metaspace       used 60666K, committed 62144K, reserved 1114112K
  class space    used 6053K, committed 6720K, reserved 1048576K
}
Event: 17.346 GC heap after
{Heap after GC invocations=410 (full 3):
 PSYoungGen      total 6144K, used 1637K [0x00000000eab00000, 0x00000000eb400000, 0x0000000100000000)
  eden space 4096K, 0% used [0x00000000eab00000,0x00000000eab00000,0x00000000eaf00000)
  from space 2048K, 79% used [0x00000000eaf00000,0x00000000eb099760,0x00000000eb100000)
  to   space 2048K, 0% used [0x00000000eb200000,0x00000000eb200000,0x00000000eb400000)
 ParOldGen       total 315904K, used 315476K [0x00000000c0000000, 0x00000000d3480000, 0x00000000eab00000)
  object space 315904K, 99% used [0x00000000c0000000,0x00000000d3415040,0x00000000d3480000)
 Metaspace       used 60666K, committed 62144K, reserved 1114112K
  class space    used 6053K, committed 6720K, reserved 1048576K
}
Event: 17.353 GC heap before
{Heap before GC invocations=411 (full 3):
 PSYoungGen      total 6144K, used 5733K [0x00000000eab00000, 0x00000000eb400000, 0x0000000100000000)
  eden space 4096K, 100% used [0x00000000eab00000,0x00000000eaf00000,0x00000000eaf00000)
  from space 2048K, 79% used [0x00000000eaf00000,0x00000000eb099760,0x00000000eb100000)
  to   space 2048K, 0% used [0x00000000eb200000,0x00000000eb200000,0x00000000eb400000)
 ParOldGen       total 315904K, used 315476K [0x00000000c0000000, 0x00000000d3480000, 0x00000000eab00000)
  object space 315904K, 99% used [0x00000000c0000000,0x00000000d3415040,0x00000000d3480000)
 Metaspace       used 60666K, committed 62144K, reserved 1114112K
  class space    used 6053K, committed 6720K, reserved 1048576K
}
Event: 17.356 GC heap after
{Heap after GC invocations=411 (full 3):
 PSYoungGen      total 7168K, used 1788K [0x00000000eab00000, 0x00000000eb400000, 0x0000000100000000)
  eden space 5120K, 0% used [0x00000000eab00000,0x00000000eab00000,0x00000000eb000000)
  from space 2048K, 87% used [0x00000000eb200000,0x00000000eb3bf3a8,0x00000000eb400000)
  to   space 2048K, 0% used [0x00000000eb000000,0x00000000eb000000,0x00000000eb200000)
 ParOldGen       total 317440K, used 316991K [0x00000000c0000000, 0x00000000d3600000, 0x00000000eab00000)
  object space 317440K, 99% used [0x00000000c0000000,0x00000000d358fc50,0x00000000d3600000)
 Metaspace       used 60666K, committed 62144K, reserved 1114112K
  class space    used 6053K, committed 6720K, reserved 1048576K
}
Event: 17.363 GC heap before
{Heap before GC invocations=412 (full 3):
 PSYoungGen      total 7168K, used 6908K [0x00000000eab00000, 0x00000000eb400000, 0x0000000100000000)
  eden space 5120K, 100% used [0x00000000eab00000,0x00000000eb000000,0x00000000eb000000)
  from space 2048K, 87% used [0x00000000eb200000,0x00000000eb3bf3a8,0x00000000eb400000)
  to   space 2048K, 0% used [0x00000000eb000000,0x00000000eb000000,0x00000000eb200000)
 ParOldGen       total 317440K, used 316991K [0x00000000c0000000, 0x00000000d3600000, 0x00000000eab00000)
  object space 317440K, 99% used [0x00000000c0000000,0x00000000d358fc50,0x00000000d3600000)
 Metaspace       used 60670K, committed 62144K, reserved 1114112K
  class space    used 6053K, committed 6720K, reserved 1048576K
}
Event: 17.366 GC heap after
{Heap after GC invocations=412 (full 3):
 PSYoungGen      total 7168K, used 2012K [0x00000000eab00000, 0x00000000eb600000, 0x0000000100000000)
  eden space 5120K, 0% used [0x00000000eab00000,0x00000000eab00000,0x00000000eb000000)
  from space 2048K, 98% used [0x00000000eb000000,0x00000000eb1f7200,0x00000000eb200000)
  to   space 2560K, 0% used [0x00000000eb380000,0x00000000eb380000,0x00000000eb600000)
 ParOldGen       total 318976K, used 318535K [0x00000000c0000000, 0x00000000d3780000, 0x00000000eab00000)
  object space 318976K, 99% used [0x00000000c0000000,0x00000000d3711cb0,0x00000000d3780000)
 Metaspace       used 60670K, committed 62144K, reserved 1114112K
  class space    used 6053K, committed 6720K, reserved 1048576K
}
Event: 17.378 GC heap before
{Heap before GC invocations=413 (full 3):
 PSYoungGen      total 7168K, used 7132K [0x00000000eab00000, 0x00000000eb600000, 0x0000000100000000)
  eden space 5120K, 100% used [0x00000000eab00000,0x00000000eb000000,0x00000000eb000000)
  from space 2048K, 98% used [0x00000000eb000000,0x00000000eb1f7200,0x00000000eb200000)
  to   space 2560K, 0% used [0x00000000eb380000,0x00000000eb380000,0x00000000eb600000)
 ParOldGen       total 318976K, used 318535K [0x00000000c0000000, 0x00000000d3780000, 0x00000000eab00000)
  object space 318976K, 99% used [0x00000000c0000000,0x00000000d3711cb0,0x00000000d3780000)
 Metaspace       used 60672K, committed 62144K, reserved 1114112K
  class space    used 6054K, committed 6720K, reserved 1048576K
}
Event: 17.382 GC heap after
{Heap after GC invocations=413 (full 3):
 PSYoungGen      total 8704K, used 2194K [0x00000000eab00000, 0x00000000eb600000, 0x0000000100000000)
  eden space 6144K, 0% used [0x00000000eab00000,0x00000000eab00000,0x00000000eb100000)
  from space 2560K, 85% used [0x00000000eb380000,0x00000000eb5a4a50,0x00000000eb600000)
  to   space 2560K, 0% used [0x00000000eb100000,0x00000000eb100000,0x00000000eb380000)
 ParOldGen       total 320512K, used 320426K [0x00000000c0000000, 0x00000000d3900000, 0x00000000eab00000)
  object space 320512K, 99% used [0x00000000c0000000,0x00000000d38eaa50,0x00000000d3900000)
 Metaspace       used 60672K, committed 62144K, reserved 1114112K
  class space    used 6054K, committed 6720K, reserved 1048576K
}
Event: 17.393 GC heap before
{Heap before GC invocations=414 (full 3):
 PSYoungGen      total 8704K, used 8338K [0x00000000eab00000, 0x00000000eb600000, 0x0000000100000000)
  eden space 6144K, 100% used [0x00000000eab00000,0x00000000eb100000,0x00000000eb100000)
  from space 2560K, 85% used [0x00000000eb380000,0x00000000eb5a4a50,0x00000000eb600000)
  to   space 2560K, 0% used [0x00000000eb100000,0x00000000eb100000,0x00000000eb380000)
 ParOldGen       total 320512K, used 320426K [0x00000000c0000000, 0x00000000d3900000, 0x00000000eab00000)
  object space 320512K, 99% used [0x00000000c0000000,0x00000000d38eaa50,0x00000000d3900000)
 Metaspace       used 60676K, committed 62144K, reserved 1114112K
  class space    used 6054K, committed 6720K, reserved 1048576K
}
Event: 17.397 GC heap after
{Heap after GC invocations=414 (full 3):
 PSYoungGen      total 8704K, used 2514K [0x00000000eab00000, 0x00000000eb880000, 0x0000000100000000)
  eden space 6144K, 0% used [0x00000000eab00000,0x00000000eab00000,0x00000000eb100000)
  from space 2560K, 98% used [0x00000000eb100000,0x00000000eb374bc8,0x00000000eb380000)
  to   space 3072K, 0% used [0x00000000eb580000,0x00000000eb580000,0x00000000eb880000)
 ParOldGen       total 322560K, used 322537K [0x00000000c0000000, 0x00000000d3b00000, 0x00000000eab00000)
  object space 322560K, 99% used [0x00000000c0000000,0x00000000d3afa530,0x00000000d3b00000)
 Metaspace       used 60676K, committed 62144K, reserved 1114112K
  class space    used 6054K, committed 6720K, reserved 1048576K
}
Event: 17.415 GC heap before
{Heap before GC invocations=415 (full 3):
 PSYoungGen      total 8704K, used 8627K [0x00000000eab00000, 0x00000000eb880000, 0x0000000100000000)
  eden space 6144K, 99% used [0x00000000eab00000,0x00000000eb0f8170,0x00000000eb100000)
  from space 2560K, 98% used [0x00000000eb100000,0x00000000eb374bc8,0x00000000eb380000)
  to   space 3072K, 0% used [0x00000000eb580000,0x00000000eb580000,0x00000000eb880000)
 ParOldGen       total 322560K, used 322537K [0x00000000c0000000, 0x00000000d3b00000, 0x00000000eab00000)
  object space 322560K, 99% used [0x00000000c0000000,0x00000000d3afa530,0x00000000d3b00000)
 Metaspace       used 60676K, committed 62144K, reserved 1114112K
  class space    used 6054K, committed 6720K, reserved 1048576K
}
Event: 17.421 GC heap after
{Heap after GC invocations=415 (full 3):
 PSYoungGen      total 10752K, used 2721K [0x00000000eab00000, 0x00000000eb880000, 0x0000000100000000)
  eden space 7680K, 0% used [0x00000000eab00000,0x00000000eab00000,0x00000000eb280000)
  from space 3072K, 88% used [0x00000000eb580000,0x00000000eb828610,0x00000000eb880000)
  to   space 3072K, 0% used [0x00000000eb280000,0x00000000eb280000,0x00000000eb580000)
 ParOldGen       total 325120K, used 324896K [0x00000000c0000000, 0x00000000d3d80000, 0x00000000eab00000)
  object space 325120K, 99% used [0x00000000c0000000,0x00000000d3d48330,0x00000000d3d80000)
 Metaspace       used 60676K, committed 62144K, reserved 1114112K
  class space    used 6054K, committed 6720K, reserved 1048576K
}
Event: 17.496 GC heap before
{Heap before GC invocations=416 (full 3):
 PSYoungGen      total 10752K, used 10401K [0x00000000eab00000, 0x00000000eb880000, 0x0000000100000000)
  eden space 7680K, 100% used [0x00000000eab00000,0x00000000eb280000,0x00000000eb280000)
  from space 3072K, 88% used [0x00000000eb580000,0x00000000eb828610,0x00000000eb880000)
  to   space 3072K, 0% used [0x00000000eb280000,0x00000000eb280000,0x00000000eb580000)
 ParOldGen       total 325120K, used 324896K [0x00000000c0000000, 0x00000000d3d80000, 0x00000000eab00000)
  object space 325120K, 99% used [0x00000000c0000000,0x00000000d3d48330,0x00000000d3d80000)
 Metaspace       used 60680K, committed 62144K, reserved 1114112K
  class space    used 6054K, committed 6720K, reserved 1048576K
}
Event: 17.501 GC heap after
{Heap after GC invocations=416 (full 3):
 PSYoungGen      total 10752K, used 10401K [0x00000000eab00000, 0x00000000eb880000, 0x0000000100000000)
  eden space 7680K, 100% used [0x00000000eab00000,0x00000000eb280000,0x00000000eb280000)
  from space 3072K, 88% used [0x00000000eb580000,0x00000000eb828610,0x00000000eb880000)
  to   space 3072K, 95% used [0x00000000eb280000,0x00000000eb55c470,0x00000000eb580000)
 ParOldGen       total 326656K, used 326371K [0x00000000c0000000, 0x00000000d3f00000, 0x00000000eab00000)
  object space 326656K, 99% used [0x00000000c0000000,0x00000000d3eb8fd8,0x00000000d3f00000)
 Metaspace       used 60680K, committed 62144K, reserved 1114112K
  class space    used 6054K, committed 6720K, reserved 1048576K
}
Event: 17.501 GC heap before
{Heap before GC invocations=417 (full 4):
 PSYoungGen      total 10752K, used 10401K [0x00000000eab00000, 0x00000000eb880000, 0x0000000100000000)
  eden space 7680K, 100% used [0x00000000eab00000,0x00000000eb280000,0x00000000eb280000)
  from space 3072K, 88% used [0x00000000eb580000,0x00000000eb828610,0x00000000eb880000)
  to   space 3072K, 95% used [0x00000000eb280000,0x00000000eb55c470,0x00000000eb580000)
 ParOldGen       total 326656K, used 326371K [0x00000000c0000000, 0x00000000d3f00000, 0x00000000eab00000)
  object space 326656K, 99% used [0x00000000c0000000,0x00000000d3eb8fd8,0x00000000d3f00000)
 Metaspace       used 60680K, committed 62144K, reserved 1114112K
  class space    used 6054K, committed 6720K, reserved 1048576K
}
Event: 17.827 GC heap after
{Heap after GC invocations=417 (full 4):
 PSYoungGen      total 10752K, used 0K [0x00000000eab00000, 0x00000000eba00000, 0x0000000100000000)
  eden space 7680K, 0% used [0x00000000eab00000,0x00000000eab00000,0x00000000eb280000)
  from space 3072K, 0% used [0x00000000eb280000,0x00000000eb280000,0x00000000eb580000)
  to   space 3072K, 0% used [0x00000000eb700000,0x00000000eb700000,0x00000000eba00000)
 ParOldGen       total 338944K, used 301804K [0x00000000c0000000, 0x00000000d4b00000, 0x00000000eab00000)
  object space 338944K, 89% used [0x00000000c0000000,0x00000000d26bb0c0,0x00000000d4b00000)
 Metaspace       used 60680K, committed 62144K, reserved 1114112K
  class space    used 6054K, committed 6720K, reserved 1048576K
}
Event: 18.038 GC heap before
{Heap before GC invocations=418 (full 4):
 PSYoungGen      total 10752K, used 7680K [0x00000000eab00000, 0x00000000eba00000, 0x0000000100000000)
  eden space 7680K, 100% used [0x00000000eab00000,0x00000000eb280000,0x00000000eb280000)
  from space 3072K, 0% used [0x00000000eb280000,0x00000000eb280000,0x00000000eb580000)
  to   space 3072K, 0% used [0x00000000eb700000,0x00000000eb700000,0x00000000eba00000)
 ParOldGen       total 338944K, used 301804K [0x00000000c0000000, 0x00000000d4b00000, 0x00000000eab00000)
  object space 338944K, 89% used [0x00000000c0000000,0x00000000d26bb0c0,0x00000000d4b00000)
 Metaspace       used 60709K, committed 62144K, reserved 1114112K
  class space    used 6054K, committed 6720K, reserved 1048576K
}
Event: 18.043 GC heap after
{Heap after GC invocations=418 (full 4):
 PSYoungGen      total 11776K, used 2756K [0x00000000eab00000, 0x00000000eba00000, 0x0000000100000000)
  eden space 8704K, 0% used [0x00000000eab00000,0x00000000eab00000,0x00000000eb380000)
  from space 3072K, 89% used [0x00000000eb700000,0x00000000eb9b1230,0x00000000eba00000)
  to   space 3072K, 0% used [0x00000000eb400000,0x00000000eb400000,0x00000000eb700000)
 ParOldGen       total 338944K, used 301804K [0x00000000c0000000, 0x00000000d4b00000, 0x00000000eab00000)
  object space 338944K, 89% used [0x00000000c0000000,0x00000000d26bb0c0,0x00000000d4b00000)
 Metaspace       used 60709K, committed 62144K, reserved 1114112K
  class space    used 6054K, committed 6720K, reserved 1048576K
}
Event: 18.179 GC heap before
{Heap before GC invocations=419 (full 4):
 PSYoungGen      total 11776K, used 11460K [0x00000000eab00000, 0x00000000eba00000, 0x0000000100000000)
  eden space 8704K, 100% used [0x00000000eab00000,0x00000000eb380000,0x00000000eb380000)
  from space 3072K, 89% used [0x00000000eb700000,0x00000000eb9b1230,0x00000000eba00000)
  to   space 3072K, 0% used [0x00000000eb400000,0x00000000eb400000,0x00000000eb700000)
 ParOldGen       total 338944K, used 301804K [0x00000000c0000000, 0x00000000d4b00000, 0x00000000eab00000)
  object space 338944K, 89% used [0x00000000c0000000,0x00000000d26bb0c0,0x00000000d4b00000)
 Metaspace       used 60805K, committed 62272K, reserved 1114112K
  class space    used 6056K, committed 6720K, reserved 1048576K
}
Event: 18.184 GC heap after
{Heap after GC invocations=419 (full 4):
 PSYoungGen      total 12288K, used 1440K [0x00000000eab00000, 0x00000000eb900000, 0x0000000100000000)
  eden space 9216K, 0% used [0x00000000eab00000,0x00000000eab00000,0x00000000eb400000)
  from space 3072K, 46% used [0x00000000eb400000,0x00000000eb568000,0x00000000eb700000)
  to   space 2048K, 0% used [0x00000000eb700000,0x00000000eb700000,0x00000000eb900000)
 ParOldGen       total 338944K, used 304768K [0x00000000c0000000, 0x00000000d4b00000, 0x00000000eab00000)
  object space 338944K, 89% used [0x00000000c0000000,0x00000000d29a03d0,0x00000000d4b00000)
 Metaspace       used 60805K, committed 62272K, reserved 1114112K
  class space    used 6056K, committed 6720K, reserved 1048576K
}

Dll operation events (10 events):
Event: 0.025 Loaded shared library c:\Users\Allu Diwakar\.vscode\extensions\redhat.java-1.41.0-win32-x64\jre\21.0.6-win32-x86_64\bin\java.dll
Event: 0.117 Loaded shared library c:\Users\Allu Diwakar\.vscode\extensions\redhat.java-1.41.0-win32-x64\jre\21.0.6-win32-x86_64\bin\zip.dll
Event: 0.148 Loaded shared library C:\Users\Allu Diwakar\.vscode\extensions\redhat.java-1.41.0-win32-x64\jre\21.0.6-win32-x86_64\bin\instrument.dll
Event: 0.154 Loaded shared library C:\Users\Allu Diwakar\.vscode\extensions\redhat.java-1.41.0-win32-x64\jre\21.0.6-win32-x86_64\bin\net.dll
Event: 0.157 Loaded shared library C:\Users\Allu Diwakar\.vscode\extensions\redhat.java-1.41.0-win32-x64\jre\21.0.6-win32-x86_64\bin\nio.dll
Event: 0.163 Loaded shared library C:\Users\Allu Diwakar\.vscode\extensions\redhat.java-1.41.0-win32-x64\jre\21.0.6-win32-x86_64\bin\zip.dll
Event: 0.188 Loaded shared library C:\Users\Allu Diwakar\.vscode\extensions\redhat.java-1.41.0-win32-x64\jre\21.0.6-win32-x86_64\bin\jimage.dll
Event: 0.260 Loaded shared library c:\Users\Allu Diwakar\.vscode\extensions\redhat.java-1.41.0-win32-x64\jre\21.0.6-win32-x86_64\bin\verify.dll
Event: 1.409 Loaded shared library C:\Users\Allu Diwakar\AppData\Roaming\Code\User\globalStorage\redhat.java\1.41.0\config_win\org.eclipse.equinox.launcher\org.eclipse.equinox.launcher.win32.win32.x86_64_1.2.1300.v20250325-0811\eclipse_11911.dll
Event: 3.369 Loaded shared library C:\Users\Allu Diwakar\AppData\Local\Temp\jna-1510846529\jna17720521919787022327.dll

Deoptimization events (20 events):
Event: 18.078 Thread 0x000001717e3beaa0 Uncommon trap: trap_request=0xffffffc6 fr.pc=0x000001712668a6a8 relative=0x0000000000003768
Event: 18.078 Thread 0x000001717e3beaa0 Uncommon trap: reason=bimorphic_or_optimized_type_check action=maybe_recompile pc=0x000001712668a6a8 method=org.eclipse.jdt.internal.compiler.lookup.Scope$Substitutor.substitute(Lorg/eclipse/jdt/internal/compiler/lookup/Substitution;Lorg/eclipse/jdt/inter
Event: 18.078 Thread 0x000001717e3beaa0 DEOPT PACKING pc=0x000001712668a6a8 sp=0x00000069aa7fded0
Event: 18.078 Thread 0x000001717e3beaa0 DEOPT UNPACKING pc=0x0000017125d43aa2 sp=0x00000069aa7fdf08 mode 2
Event: 18.084 Thread 0x000001717e3beaa0 Uncommon trap: trap_request=0xffffffc6 fr.pc=0x000001712668a6a8 relative=0x0000000000003768
Event: 18.084 Thread 0x000001717e3beaa0 Uncommon trap: reason=bimorphic_or_optimized_type_check action=maybe_recompile pc=0x000001712668a6a8 method=org.eclipse.jdt.internal.compiler.lookup.Scope$Substitutor.substitute(Lorg/eclipse/jdt/internal/compiler/lookup/Substitution;Lorg/eclipse/jdt/inter
Event: 18.084 Thread 0x000001717e3beaa0 DEOPT PACKING pc=0x000001712668a6a8 sp=0x00000069aa7fded0
Event: 18.085 Thread 0x000001717e3beaa0 DEOPT UNPACKING pc=0x0000017125d43aa2 sp=0x00000069aa7fdf08 mode 2
Event: 18.126 Thread 0x0000017178e6aa10 Uncommon trap: trap_request=0xffffff45 fr.pc=0x0000017126b9639c relative=0x0000000000000ebc
Event: 18.126 Thread 0x0000017178e6aa10 Uncommon trap: reason=unstable_if action=reinterpret pc=0x0000017126b9639c method=org.eclipse.jdt.internal.core.builder.NameSet.add([C)[C @ 72 c2
Event: 18.126 Thread 0x0000017178e6aa10 DEOPT PACKING pc=0x0000017126b9639c sp=0x00000069a6ffdf00
Event: 18.126 Thread 0x0000017178e6aa10 DEOPT UNPACKING pc=0x0000017125d43aa2 sp=0x00000069a6ffde08 mode 2
Event: 18.175 Thread 0x0000017178e68fd0 Uncommon trap: trap_request=0xffffff45 fr.pc=0x0000017126743f70 relative=0x00000000000003f0
Event: 18.175 Thread 0x0000017178e68fd0 Uncommon trap: reason=unstable_if action=reinterpret pc=0x0000017126743f70 method=org.eclipse.jdt.internal.compiler.util.HashtableOfObject.putUnsafely([CLjava/lang/Object;)V @ 70 c2
Event: 18.175 Thread 0x0000017178e68fd0 DEOPT PACKING pc=0x0000017126743f70 sp=0x00000069a6dfeaf0
Event: 18.175 Thread 0x0000017178e68fd0 DEOPT UNPACKING pc=0x0000017125d43aa2 sp=0x00000069a6dfea98 mode 2
Event: 18.245 Thread 0x000001717e3beaa0 Uncommon trap: trap_request=0xffffffde fr.pc=0x0000017126c20a40 relative=0x0000000000004440
Event: 18.245 Thread 0x000001717e3beaa0 Uncommon trap: reason=class_check action=maybe_recompile pc=0x0000017126c20a40 method=org.eclipse.jdt.internal.compiler.lookup.BinaryTypeBinding.createMethod(Lorg/eclipse/jdt/internal/compiler/env/IBinaryMethod;Lorg/eclipse/jdt/internal/compiler/env/IBina
Event: 18.245 Thread 0x000001717e3beaa0 DEOPT PACKING pc=0x0000017126c20a40 sp=0x00000069aa7fdee0
Event: 18.245 Thread 0x000001717e3beaa0 DEOPT UNPACKING pc=0x0000017125d43aa2 sp=0x00000069aa7fde58 mode 2

Classes loaded (20 events):
Event: 14.193 Loading class java/util/stream/ReferencePipeline$4
Event: 14.194 Loading class java/util/stream/IntPipeline$StatelessOp
Event: 14.194 Loading class java/util/stream/IntPipeline
Event: 14.195 Loading class java/util/stream/IntStream
Event: 14.196 Loading class java/util/stream/IntStream done
Event: 14.196 Loading class java/util/stream/IntPipeline done
Event: 14.196 Loading class java/util/stream/IntPipeline$StatelessOp done
Event: 14.196 Loading class java/util/stream/ReferencePipeline$4 done
Event: 14.197 Loading class java/util/stream/Nodes$IntFixedNodeBuilder
Event: 14.198 Loading class java/util/stream/Node$Builder$OfInt
Event: 14.198 Loading class java/util/stream/Sink$OfInt
Event: 14.200 Loading class java/util/stream/Sink$OfInt done
Event: 14.200 Loading class java/util/stream/Node$Builder$OfInt done
Event: 14.200 Loading class java/util/stream/Nodes$IntArrayNode
Event: 14.200 Loading class java/util/stream/Nodes$IntArrayNode done
Event: 14.200 Loading class java/util/stream/Nodes$IntFixedNodeBuilder done
Event: 14.200 Loading class java/util/stream/ReferencePipeline$4$1
Event: 14.201 Loading class java/util/stream/ReferencePipeline$4$1 done
Event: 17.881 Loading class jdk/internal/module/IllegalAccessLogger
Event: 17.881 Loading class jdk/internal/module/IllegalAccessLogger done

Classes unloaded (7 events):
Event: 4.171 Thread 0x00000171721736d0 Unloading class 0x0000017131193c00 'java/lang/invoke/LambdaForm$MH+0x0000017131193c00'
Event: 4.171 Thread 0x00000171721736d0 Unloading class 0x0000017131193800 'java/lang/invoke/LambdaForm$MH+0x0000017131193800'
Event: 4.171 Thread 0x00000171721736d0 Unloading class 0x0000017131193400 'java/lang/invoke/LambdaForm$MH+0x0000017131193400'
Event: 4.171 Thread 0x00000171721736d0 Unloading class 0x0000017131193000 'java/lang/invoke/LambdaForm$MH+0x0000017131193000'
Event: 4.171 Thread 0x00000171721736d0 Unloading class 0x0000017131192c00 'java/lang/invoke/LambdaForm$BMH+0x0000017131192c00'
Event: 4.171 Thread 0x00000171721736d0 Unloading class 0x0000017131192800 'java/lang/invoke/LambdaForm$DMH+0x0000017131192800'
Event: 4.171 Thread 0x00000171721736d0 Unloading class 0x0000017131191400 'java/lang/invoke/LambdaForm$DMH+0x0000017131191400'

Classes redefined (0 events):
No events

Internal exceptions (20 events):
Event: 11.337 Thread 0x0000017178e6aa10 Exception <a 'java/lang/NoSuchMethodError'{0x00000000eaed9d68}: 'java.lang.Object java.lang.invoke.DirectMethodHandle$Holder.invokeSpecial(java.lang.Object, java.lang.Object, java.lang.Object, int, int)'> (0x00000000eaed9d68) 
thrown [s\src\hotspot\share\interpreter\linkResolver.cpp, line 773]
Event: 12.257 Thread 0x0000017178e6aa10 Implicit null exception at 0x00000171269d8a23 to 0x00000171269d8d8c
Event: 12.330 Thread 0x0000017178e6aa10 Exception <a 'java/lang/NoSuchMethodError'{0x00000000eadee990}: 'int java.lang.invoke.DirectMethodHandle$Holder.invokeSpecialIFC(java.lang.Object, java.lang.Object, java.lang.Object)'> (0x00000000eadee990) 
thrown [s\src\hotspot\share\interpreter\linkResolver.cpp, line 773]
Event: 12.873 Thread 0x0000017178e6aa10 Implicit null exception at 0x00000171266c9d46 to 0x00000171266c9d8f
Event: 13.424 Thread 0x0000017178e6aa10 Exception <a 'java/lang/NoSuchMethodError'{0x00000000eab35b30}: 'java.lang.Object java.lang.invoke.DirectMethodHandle$Holder.newInvokeSpecial(java.lang.Object, java.lang.Object, int, int, java.lang.Object)'> (0x00000000eab35b30) 
thrown [s\src\hotspot\share\interpreter\linkResolver.cpp, line 773]
Event: 14.300 Thread 0x000001717e3beaa0 Exception <a 'java/lang/NoSuchMethodError'{0x00000000eab2ab98}: 'void java.lang.invoke.DirectMethodHandle$Holder.invokeStatic(java.lang.Object, int, java.lang.Object)'> (0x00000000eab2ab98) 
thrown [s\src\hotspot\share\interpreter\linkResolver.cpp, line 773]
Event: 14.340 Thread 0x000001717e3beaa0 Implicit null exception at 0x0000017126a94fca to 0x0000017126a95048
Event: 15.658 Thread 0x000001717e3beaa0 Implicit null exception at 0x0000017126a9363e to 0x0000017126a937d0
Event: 16.043 Thread 0x000001717e3beaa0 Exception <a 'java/lang/NoSuchMethodError'{0x00000000eac7d538}: 'java.lang.Object java.lang.invoke.DirectMethodHandle$Holder.newInvokeSpecial(java.lang.Object, java.lang.Object, java.lang.Object, java.lang.Object, int)'> (0x00000000eac7d538) 
thrown [s\src\hotspot\share\interpreter\linkResolver.cpp, line 773]
Event: 16.044 Thread 0x000001717e3beaa0 Exception <a 'java/lang/NoSuchMethodError'{0x00000000eac90de0}: 'java.lang.Object java.lang.invoke.DirectMethodHandle$Holder.invokeSpecial(java.lang.Object, java.lang.Object, java.lang.Object, java.lang.Object, java.lang.Object, int)'> (0x00000000eac90de0) 
thrown [s\src\hotspot\share\interpreter\linkResolver.cpp, line 773]
Event: 16.045 Thread 0x000001717e3beaa0 Exception <a 'java/lang/NoSuchMethodError'{0x00000000eac9c560}: 'java.lang.Object java.lang.invoke.Invokers$Holder.linkToTargetMethod(java.lang.Object, java.lang.Object, java.lang.Object, int, java.lang.Object)'> (0x00000000eac9c560) 
thrown [s\src\hotspot\share\interpreter\linkResolver.cpp, line 773]
Event: 16.672 Thread 0x0000017178e6aa10 Exception <a 'sun/nio/fs/WindowsException'{0x00000000eab0ee70}> (0x00000000eab0ee70) 
thrown [s\src\hotspot\share\prims\jni.cpp, line 520]
Event: 16.674 Thread 0x000001717dabf170 Exception <a 'sun/nio/fs/WindowsException'{0x00000000eab1ffd8}> (0x00000000eab1ffd8) 
thrown [s\src\hotspot\share\prims\jni.cpp, line 520]
Event: 16.676 Thread 0x000001717dabeae0 Exception <a 'sun/nio/fs/WindowsException'{0x00000000eab3b748}> (0x00000000eab3b748) 
thrown [s\src\hotspot\share\prims\jni.cpp, line 520]
Event: 16.678 Thread 0x000001717dac1240 Exception <a 'sun/nio/fs/WindowsException'{0x00000000eab7e7f8}> (0x00000000eab7e7f8) 
thrown [s\src\hotspot\share\prims\jni.cpp, line 520]
Event: 16.678 Thread 0x000001717a70b590 Exception <a 'sun/nio/fs/WindowsException'{0x00000000eab7f5c0}> (0x00000000eab7f5c0) 
thrown [s\src\hotspot\share\prims\jni.cpp, line 520]
Event: 16.678 Thread 0x000001717dabf800 Exception <a 'sun/nio/fs/WindowsException'{0x00000000eab8a3d0}> (0x00000000eab8a3d0) 
thrown [s\src\hotspot\share\prims\jni.cpp, line 520]
Event: 16.678 Thread 0x000001717dabca10 Exception <a 'sun/nio/fs/WindowsException'{0x00000000eab87aa8}> (0x00000000eab87aa8) 
thrown [s\src\hotspot\share\prims\jni.cpp, line 520]
Event: 16.678 Thread 0x000001717dabfe90 Exception <a 'sun/nio/fs/WindowsException'{0x00000000eab88880}> (0x00000000eab88880) 
thrown [s\src\hotspot\share\prims\jni.cpp, line 520]
Event: 16.678 Thread 0x000001717dabddc0 Exception <a 'sun/nio/fs/WindowsException'{0x00000000eab7da50}> (0x00000000eab7da50) 
thrown [s\src\hotspot\share\prims\jni.cpp, line 520]

ZGC Phase Switch (0 events):
No events

VM Operations (20 events):
Event: 17.330 Executing VM operation: ParallelGCFailedAllocation (Allocation Failure)
Event: 17.333 Executing VM operation: ParallelGCFailedAllocation (Allocation Failure) done
Event: 17.343 Executing VM operation: ParallelGCFailedAllocation (Allocation Failure)
Event: 17.346 Executing VM operation: ParallelGCFailedAllocation (Allocation Failure) done
Event: 17.353 Executing VM operation: ParallelGCFailedAllocation (Allocation Failure)
Event: 17.356 Executing VM operation: ParallelGCFailedAllocation (Allocation Failure) done
Event: 17.363 Executing VM operation: ParallelGCFailedAllocation (Allocation Failure)
Event: 17.366 Executing VM operation: ParallelGCFailedAllocation (Allocation Failure) done
Event: 17.378 Executing VM operation: ParallelGCFailedAllocation (Allocation Failure)
Event: 17.382 Executing VM operation: ParallelGCFailedAllocation (Allocation Failure) done
Event: 17.393 Executing VM operation: ParallelGCFailedAllocation (Allocation Failure)
Event: 17.397 Executing VM operation: ParallelGCFailedAllocation (Allocation Failure) done
Event: 17.415 Executing VM operation: ParallelGCFailedAllocation (Allocation Failure)
Event: 17.421 Executing VM operation: ParallelGCFailedAllocation (Allocation Failure) done
Event: 17.495 Executing VM operation: ParallelGCFailedAllocation (Allocation Failure)
Event: 17.827 Executing VM operation: ParallelGCFailedAllocation (Allocation Failure) done
Event: 18.037 Executing VM operation: ParallelGCFailedAllocation (Allocation Failure)
Event: 18.043 Executing VM operation: ParallelGCFailedAllocation (Allocation Failure) done
Event: 18.179 Executing VM operation: ParallelGCFailedAllocation (Allocation Failure)
Event: 18.185 Executing VM operation: ParallelGCFailedAllocation (Allocation Failure) done

Memory protections (0 events):
No events

Nmethod flushes (20 events):
Event: 17.635 Thread 0x00000171721736d0 flushing  nmethod 0x000001711fd6a090
Event: 17.635 Thread 0x00000171721736d0 flushing  nmethod 0x000001711fd6aa10
Event: 17.635 Thread 0x00000171721736d0 flushing  nmethod 0x000001711fdaad90
Event: 17.635 Thread 0x00000171721736d0 flushing  nmethod 0x000001711fdaca90
Event: 17.635 Thread 0x00000171721736d0 flushing  nmethod 0x000001711fdc4790
Event: 17.635 Thread 0x00000171721736d0 flushing  nmethod 0x000001711fdd5910
Event: 17.635 Thread 0x00000171721736d0 flushing  nmethod 0x000001711fdf3810
Event: 17.635 Thread 0x00000171721736d0 flushing  nmethod 0x000001711fe27810
Event: 17.635 Thread 0x00000171721736d0 flushing  nmethod 0x000001711fe28d90
Event: 17.635 Thread 0x00000171721736d0 flushing  nmethod 0x000001711fe29090
Event: 17.635 Thread 0x00000171721736d0 flushing  nmethod 0x000001711fe29690
Event: 17.635 Thread 0x00000171721736d0 flushing  nmethod 0x000001711fe34e90
Event: 17.635 Thread 0x00000171721736d0 flushing  nmethod 0x000001711fe43f10
Event: 17.635 Thread 0x00000171721736d0 flushing  nmethod 0x000001711fe70710
Event: 17.635 Thread 0x00000171721736d0 flushing  nmethod 0x000001711fe71110
Event: 17.635 Thread 0x00000171721736d0 flushing  nmethod 0x000001711fe76710
Event: 17.635 Thread 0x00000171721736d0 flushing  nmethod 0x000001711fea6e90
Event: 17.635 Thread 0x00000171721736d0 flushing  nmethod 0x000001711feaaa90
Event: 17.635 Thread 0x00000171721736d0 flushing  nmethod 0x000001711feaf410
Event: 17.635 Thread 0x00000171721736d0 flushing osr nmethod 0x000001711ff2dc90

Events (20 events):
Event: 9.631 Thread 0x000001717e3bc9d0 Thread added: 0x000001717e3bb620
Event: 9.631 Thread 0x000001717e3b8830 Thread added: 0x000001717e3b9550
Event: 9.632 Thread 0x000001717a70a1e0 Thread added: 0x000001717e3bc340
Event: 9.632 Thread 0x000001717a709b50 Thread added: 0x000001717e3bd060
Event: 9.633 Thread 0x0000017178e6aa10 Thread added: 0x000001717e3baf90
Event: 13.317 Thread 0x0000017178e6aa10 Thread added: 0x000001717e3beaa0
Event: 13.429 Thread 0x0000017178e6aa10 Thread added: 0x000001717e3be410
Event: 13.528 Thread 0x0000017178e6aa10 Thread added: 0x000001717e3bf130
Event: 13.538 Thread 0x0000017178e6aa10 Thread added: 0x000001717e3bf7c0
Event: 13.669 Thread 0x0000017178e6aa10 Thread added: 0x000001717e3bfe50
Event: 13.679 Thread 0x0000017178e6aa10 Thread added: 0x000001717e3b8ec0
Event: 13.710 Thread 0x0000017178e6aa10 Thread added: 0x000001717e3b9be0
Event: 13.786 Thread 0x0000017178e6aa10 Thread added: 0x000001717e3ba900
Event: 13.801 Thread 0x0000017178e6aa10 Thread added: 0x000001717cc95290
Event: 13.839 Thread 0x0000017178e6aa10 Thread added: 0x000001717cc94570
Event: 13.839 Thread 0x0000017178e6aa10 Thread added: 0x000001717cc96640
Event: 13.854 Thread 0x0000017178e6aa10 Thread added: 0x000001717cc95920
Event: 14.116 Thread 0x0000017178e6aa10 Thread added: 0x000001717cc96cd0
Event: 14.128 Thread 0x0000017178e6aa10 Thread added: 0x000001717cc979f0
Event: 14.172 Thread 0x0000017178e6aa10 Thread added: 0x000001717cc91e10


Dynamic libraries:
0x00007ff73eab0000 - 0x00007ff73eabe000 	c:\Users\Allu Diwakar\.vscode\extensions\redhat.java-1.41.0-win32-x64\jre\21.0.6-win32-x86_64\bin\java.exe
0x00007ffb46a10000 - 0x00007ffb46c27000 	C:\WINDOWS\SYSTEM32\ntdll.dll
0x00007ffb456b0000 - 0x00007ffb45774000 	C:\WINDOWS\System32\KERNEL32.DLL
0x00007ffb43d00000 - 0x00007ffb440d3000 	C:\WINDOWS\System32\KERNELBASE.dll
0x00007ffb440e0000 - 0x00007ffb441f1000 	C:\WINDOWS\System32\ucrtbase.dll
0x00007ffb21780000 - 0x00007ffb21798000 	c:\Users\Allu Diwakar\.vscode\extensions\redhat.java-1.41.0-win32-x64\jre\21.0.6-win32-x86_64\bin\jli.dll
0x00007ffb45f10000 - 0x00007ffb460c1000 	C:\WINDOWS\System32\USER32.dll
0x00007ffb43b30000 - 0x00007ffb43b56000 	C:\WINDOWS\System32\win32u.dll
0x00007ffb448e0000 - 0x00007ffb44909000 	C:\WINDOWS\System32\GDI32.dll
0x00007ffb445a0000 - 0x00007ffb446bb000 	C:\WINDOWS\System32\gdi32full.dll
0x00007ffb44440000 - 0x00007ffb444da000 	C:\WINDOWS\System32\msvcp_win.dll
0x00007ffb1ff80000 - 0x00007ffb1ff9e000 	c:\Users\Allu Diwakar\.vscode\extensions\redhat.java-1.41.0-win32-x64\jre\21.0.6-win32-x86_64\bin\VCRUNTIME140.dll
0x00007ffb2a220000 - 0x00007ffb2a4b8000 	C:\WINDOWS\WinSxS\amd64_microsoft.windows.common-controls_6595b64144ccf1df_6.0.22621.5124_none_270e8f4f7386d69d\COMCTL32.dll
0x00007ffb463b0000 - 0x00007ffb46457000 	C:\WINDOWS\System32\msvcrt.dll
0x00007ffb447c0000 - 0x00007ffb447f1000 	C:\WINDOWS\System32\IMM32.DLL
0x00007ffb3eb10000 - 0x00007ffb3eb1c000 	c:\Users\Allu Diwakar\.vscode\extensions\redhat.java-1.41.0-win32-x64\jre\21.0.6-win32-x86_64\bin\vcruntime140_1.dll
0x00007ffad2880000 - 0x00007ffad290d000 	c:\Users\Allu Diwakar\.vscode\extensions\redhat.java-1.41.0-win32-x64\jre\21.0.6-win32-x86_64\bin\msvcp140.dll
0x00007ffad1930000 - 0x00007ffad26c0000 	c:\Users\Allu Diwakar\.vscode\extensions\redhat.java-1.41.0-win32-x64\jre\21.0.6-win32-x86_64\bin\server\jvm.dll
0x00007ffb44b00000 - 0x00007ffb44bb1000 	C:\WINDOWS\System32\ADVAPI32.dll
0x00007ffb44830000 - 0x00007ffb448d8000 	C:\WINDOWS\System32\sechost.dll
0x00007ffb43cd0000 - 0x00007ffb43cf8000 	C:\WINDOWS\System32\bcrypt.dll
0x00007ffb45df0000 - 0x00007ffb45f04000 	C:\WINDOWS\System32\RPCRT4.dll
0x00007ffb44a80000 - 0x00007ffb44af1000 	C:\WINDOWS\System32\WS2_32.dll
0x00007ffb3efc0000 - 0x00007ffb3eff4000 	C:\WINDOWS\SYSTEM32\WINMM.dll
0x00007ffb3a0f0000 - 0x00007ffb3a0fa000 	C:\WINDOWS\SYSTEM32\VERSION.dll
0x00007ffb433a0000 - 0x00007ffb433ed000 	C:\WINDOWS\SYSTEM32\POWRPROF.dll
0x00007ffb43380000 - 0x00007ffb43393000 	C:\WINDOWS\SYSTEM32\UMPDC.dll
0x00007ffb42b60000 - 0x00007ffb42b78000 	C:\WINDOWS\SYSTEM32\kernel.appcore.dll
0x00007ffb2c0f0000 - 0x00007ffb2c0fa000 	c:\Users\Allu Diwakar\.vscode\extensions\redhat.java-1.41.0-win32-x64\jre\21.0.6-win32-x86_64\bin\jimage.dll
0x00007ffb415b0000 - 0x00007ffb417e2000 	C:\WINDOWS\SYSTEM32\DBGHELP.DLL
0x00007ffb46480000 - 0x00007ffb46812000 	C:\WINDOWS\System32\combase.dll
0x00007ffb446c0000 - 0x00007ffb44797000 	C:\WINDOWS\System32\OLEAUT32.dll
0x00007ffb2a5e0000 - 0x00007ffb2a612000 	C:\WINDOWS\SYSTEM32\dbgcore.DLL
0x00007ffb443c0000 - 0x00007ffb4443b000 	C:\WINDOWS\System32\bcryptPrimitives.dll
0x00007ffb22560000 - 0x00007ffb2256f000 	c:\Users\Allu Diwakar\.vscode\extensions\redhat.java-1.41.0-win32-x64\jre\21.0.6-win32-x86_64\bin\instrument.dll
0x00007ffb199e0000 - 0x00007ffb199ff000 	c:\Users\Allu Diwakar\.vscode\extensions\redhat.java-1.41.0-win32-x64\jre\21.0.6-win32-x86_64\bin\java.dll
0x00007ffb44c30000 - 0x00007ffb454c6000 	C:\WINDOWS\System32\SHELL32.dll
0x00007ffb44200000 - 0x00007ffb4433f000 	C:\WINDOWS\System32\wintypes.dll
0x00007ffb41a30000 - 0x00007ffb4234a000 	C:\WINDOWS\SYSTEM32\windows.storage.dll
0x00007ffb44910000 - 0x00007ffb44a1a000 	C:\WINDOWS\System32\SHCORE.dll
0x00007ffb44bc0000 - 0x00007ffb44c23000 	C:\WINDOWS\System32\shlwapi.dll
0x00007ffb43a60000 - 0x00007ffb43a8b000 	C:\WINDOWS\SYSTEM32\profapi.dll
0x00007ffae47d0000 - 0x00007ffae47e8000 	c:\Users\Allu Diwakar\.vscode\extensions\redhat.java-1.41.0-win32-x64\jre\21.0.6-win32-x86_64\bin\zip.dll
0x00007ffb19d50000 - 0x00007ffb19d60000 	C:\Users\Allu Diwakar\.vscode\extensions\redhat.java-1.41.0-win32-x64\jre\21.0.6-win32-x86_64\bin\net.dll
0x00007ffb404c0000 - 0x00007ffb405ec000 	C:\WINDOWS\SYSTEM32\WINHTTP.dll
0x00007ffb43040000 - 0x00007ffb430aa000 	C:\WINDOWS\system32\mswsock.dll
0x00007ffae4300000 - 0x00007ffae4316000 	C:\Users\Allu Diwakar\.vscode\extensions\redhat.java-1.41.0-win32-x64\jre\21.0.6-win32-x86_64\bin\nio.dll
0x00007ffb19be0000 - 0x00007ffb19bf0000 	c:\Users\Allu Diwakar\.vscode\extensions\redhat.java-1.41.0-win32-x64\jre\21.0.6-win32-x86_64\bin\verify.dll
0x00007ffad2830000 - 0x00007ffad2875000 	C:\Users\Allu Diwakar\AppData\Roaming\Code\User\globalStorage\redhat.java\1.41.0\config_win\org.eclipse.equinox.launcher\org.eclipse.equinox.launcher.win32.win32.x86_64_1.2.1300.v20250325-0811\eclipse_11911.dll
0x00007ffb46820000 - 0x00007ffb469c1000 	C:\WINDOWS\System32\ole32.dll
0x00007ffb432b0000 - 0x00007ffb432cb000 	C:\WINDOWS\SYSTEM32\CRYPTSP.dll
0x00007ffb42ac0000 - 0x00007ffb42af7000 	C:\WINDOWS\system32\rsaenh.dll
0x00007ffb43140000 - 0x00007ffb43168000 	C:\WINDOWS\SYSTEM32\USERENV.dll
0x00007ffb432a0000 - 0x00007ffb432ac000 	C:\WINDOWS\SYSTEM32\CRYPTBASE.dll
0x00007ffb425f0000 - 0x00007ffb4261d000 	C:\WINDOWS\SYSTEM32\IPHLPAPI.DLL
0x00007ffb447a0000 - 0x00007ffb447a9000 	C:\WINDOWS\System32\NSI.dll
0x00007ffad2790000 - 0x00007ffad27d9000 	C:\Users\Allu Diwakar\AppData\Local\Temp\jna-1510846529\jna17720521919787022327.dll
0x00007ffb447b0000 - 0x00007ffb447b8000 	C:\WINDOWS\System32\PSAPI.DLL
0x00007ffb3f5a0000 - 0x00007ffb3f5b9000 	C:\WINDOWS\SYSTEM32\dhcpcsvc6.DLL
0x00007ffb3f580000 - 0x00007ffb3f59f000 	C:\WINDOWS\SYSTEM32\dhcpcsvc.DLL

dbghelp: loaded successfully - version: 4.0.5 - missing functions: none
symbol engine: initialized successfully - sym options: 0x614 - pdb path: .;c:\Users\Allu Diwakar\.vscode\extensions\redhat.java-1.41.0-win32-x64\jre\21.0.6-win32-x86_64\bin;C:\WINDOWS\SYSTEM32;C:\WINDOWS\WinSxS\amd64_microsoft.windows.common-controls_6595b64144ccf1df_6.0.22621.5124_none_270e8f4f7386d69d;c:\Users\Allu Diwakar\.vscode\extensions\redhat.java-1.41.0-win32-x64\jre\21.0.6-win32-x86_64\bin\server;C:\Users\Allu Diwakar\AppData\Roaming\Code\User\globalStorage\redhat.java\1.41.0\config_win\org.eclipse.equinox.launcher\org.eclipse.equinox.launcher.win32.win32.x86_64_1.2.1300.v20250325-0811;C:\Users\Allu Diwakar\AppData\Local\Temp\jna-1510846529

VM Arguments:
jvm_args: --add-modules=ALL-SYSTEM --add-opens=java.base/java.util=ALL-UNNAMED --add-opens=java.base/java.lang=ALL-UNNAMED --add-opens=java.base/sun.nio.fs=ALL-UNNAMED -Declipse.application=org.eclipse.jdt.ls.core.id1 -Dosgi.bundles.defaultStartLevel=4 -Declipse.product=org.eclipse.jdt.ls.core.product -Djava.import.generatesMetadataFilesAtProjectRoot=false -DDetectVMInstallationsJob.disabled=true -Dfile.encoding=utf8 -XX:+UseParallelGC -XX:GCTimeRatio=4 -XX:AdaptiveSizePolicyWeight=90 -Dsun.zip.disableMemoryMapping=true -Xmx1G -Xms100m -Xlog:disable -javaagent:c:\Users\Allu Diwakar\.vscode\extensions\redhat.java-1.41.0-win32-x64\lombok\lombok-1.18.36.jar -XX:+HeapDumpOnOutOfMemoryError -XX:HeapDumpPath=c:\Users\Allu Diwakar\AppData\Roaming\Code\User\workspaceStorage\960f27341281757104803891b51a379b\redhat.java -Daether.dependencyCollector.impl=bf 
java_command: c:\Users\Allu Diwakar\.vscode\extensions\redhat.java-1.41.0-win32-x64\server\plugins\org.eclipse.equinox.launcher_1.6.1100.v20250306-0509.jar -configuration c:\Users\Allu Diwakar\AppData\Roaming\Code\User\globalStorage\redhat.java\1.41.0\config_win -data c:\Users\Allu Diwakar\AppData\Roaming\Code\User\workspaceStorage\960f27341281757104803891b51a379b\redhat.java\jdt_ws --pipe=\\.\pipe\lsp-06934881fd4776ab5aab13f4bc01ee9f-sock
java_class_path (initial): c:\Users\Allu Diwakar\.vscode\extensions\redhat.java-1.41.0-win32-x64\server\plugins\org.eclipse.equinox.launcher_1.6.1100.v20250306-0509.jar
Launcher Type: SUN_STANDARD

[Global flags]
    uintx AdaptiveSizePolicyWeight                 = 90                                        {product} {command line}
     intx CICompilerCount                          = 12                                        {product} {ergonomic}
    uintx GCTimeRatio                              = 4                                         {product} {command line}
     bool HeapDumpOnOutOfMemoryError               = true                                   {manageable} {command line}
    ccstr HeapDumpPath                             = c:\Users\Allu Diwakar\AppData\Roaming\Code\User\workspaceStorage\960f27341281757104803891b51a379b\redhat.java         {manageable} {command line}
   size_t InitialHeapSize                          = 104857600                                 {product} {command line}
   size_t MaxHeapSize                              = 1073741824                                {product} {command line}
   size_t MaxNewSize                               = 357564416                                 {product} {ergonomic}
   size_t MinHeapDeltaBytes                        = 524288                                    {product} {ergonomic}
   size_t MinHeapSize                              = 104857600                                 {product} {command line}
   size_t NewSize                                  = 34603008                                  {product} {ergonomic}
    uintx NonNMethodCodeHeapSize                   = 7602480                                {pd product} {ergonomic}
    uintx NonProfiledCodeHeapSize                  = 122027880                              {pd product} {ergonomic}
   size_t OldSize                                  = 70254592                                  {product} {ergonomic}
    uintx ProfiledCodeHeapSize                     = 122027880                              {pd product} {ergonomic}
    uintx ReservedCodeCacheSize                    = 251658240                              {pd product} {ergonomic}
     bool SegmentedCodeCache                       = true                                      {product} {ergonomic}
   size_t SoftMaxHeapSize                          = 1073741824                             {manageable} {ergonomic}
     bool UseCompressedOops                        = true                           {product lp64_product} {ergonomic}
     bool UseLargePagesIndividualAllocation        = false                                  {pd product} {ergonomic}
     bool UseParallelGC                            = true                                      {product} {command line}

Logging:
Log output configuration:
 #0: stdout all=off uptime,level,tags foldmultilines=false
 #1: stderr all=off uptime,level,tags foldmultilines=false

Environment Variables:
JAVA_HOME=C:\Program Files\Java\jdk-19
PATH=C:\Python313\Scripts\;C:\Python313\;D:\MyVMWare\vmware_installation\bin\;C:\Program Files\Common Files\Oracle\Java\javapath;C:\WINDOWS\system32;C:\WINDOWS;C:\WINDOWS\System32\Wbem;C:\WINDOWS\System32\WindowsPowerShell\v1.0\;C:\WINDOWS\System32\OpenSSH\;C:\Program Files\Java\jdk-19\bin;C:\ProgramData\chocolatey\bin;C:\MinGW\bin;C:\Program Files\R\R-4.2.1\bin;D:\MyGit\Git\cmd;C:\Program Files\MySQL\MySQL Server 8.0\bin;D:\MyFlutter\flutter\bin;C:\Program Files\Docker\Docker\resources\bin;C:\Program Files\HP\HP One Agent;D:\MyNodejs\;D:\MyAndroidStudio\MySDK;C:\Users\Allu Diwakar\AppData\Local\Programs\Python\Python311\Scripts\;C:\Users\Allu Diwakar\AppData\Local\Programs\Python\Python311\;C:\Program Files\MySQL\MySQL Shell 8.0\bin\;C:\Users\Allu Diwakar\AppData\Local\Microsoft\WindowsApps;D:\MyFlutter\flutter\bin;D:\MyVsCode\Microsoft VS Code\bin;D:\MyAndroidStudio\MySDK;C:\Program Files\MongoDB\Server\7.0\bin;D:\MyMongoDb\MyMongodbShell\;D:\MyNodejs;
USERNAME=Allu Diwakar
OS=Windows_NT
PROCESSOR_IDENTIFIER=AMD64 Family 23 Model 104 Stepping 1, AuthenticAMD
TMP=C:\Users\ALLUDI~1\AppData\Local\Temp
TEMP=C:\Users\ALLUDI~1\AppData\Local\Temp




Periodic native trim disabled

---------------  S Y S T E M  ---------------

OS:
 Windows 11 , 64 bit Build 22621 (10.0.22621.5124)
OS uptime: 2 days 6:51 hours
Hyper-V role detected

CPU: total 16 (initial active 16) (16 cores per cpu, 2 threads per core) family 23 model 104 stepping 1 microcode 0x0, cx8, cmov, fxsr, ht, mmx, 3dnowpref, sse, sse2, sse3, ssse3, sse4a, sse4.1, sse4.2, popcnt, lzcnt, tsc, tscinvbit, avx, avx2, aes, clmul, bmi1, bmi2, adx, sha, fma, vzeroupper, clflush, clflushopt, hv, rdtscp, rdpid, f16c
Processor Information for the first 16 processors :
  Max Mhz: 1801, Current Mhz: 1801, Mhz Limit: 1801

Memory: 4k page, system-wide physical 7501M (666M free)
TotalPageFile size 30029M (AvailPageFile size 0M)
current process WorkingSet (physical memory assigned to process): 738M, peak: 747M
current process commit charge ("private bytes"): 673M, peak: 1033M

vm_info: OpenJDK 64-Bit Server VM (21.0.6+7-LTS) for windows-amd64 JRE (21.0.6+7-LTS), built on 2025-01-21T00:00:00Z by "admin" with MS VC++ 17.7 (VS2022)

END.
